<?xml version="1.0" encoding="UTF-8"?>
<!-- Generated by org.testng.reporters.JUnitXMLReporter -->
<testsuite hostname="Deepaks-MacBook-Pro.local" ignored="1" name="Default test" tests="4" failures="0" timestamp="2020-04-10T17:23:55 EDT" time="0.051" errors="0">
  <testcase name="test3" time="0.005" classname="automationFramework.NewTest"/>
  <testcase name="test4" time="0.003" classname="automationFramework.NewTest"/>
  <testcase name="test1" time="0.001" classname="automationFramework.NewTest"/>
  <testcase name="test5" time="0.001" classname="automationFramework.NewTest"/>
  <testcase name="test2" time="0.0" classname="automationFramework.NewTest">
    <ignored/>
  </testcase> <!-- test2 -->
</testsuite> <!-- Default test -->
