<?xml version="1.0" encoding="UTF-8"?>
<testng-results skipped="0" failed="1" ignored="1" total="10" passed="8">
  <reporter-output>
  </reporter-output>
  <suite name="Suite" duration-ms="57396" started-at="2020-04-10T18:16:20 EDT" finished-at="2020-04-10T18:17:17 EDT">
    <groups>
    </groups>
    <test name="Test" duration-ms="57396" started-at="2020-04-10T18:16:20 EDT" finished-at="2020-04-10T18:17:17 EDT">
      <class name="automationFramework.RandomTest">
        <test-method status="PASS" signature="beforeTest()[pri:0, instance:automationFramework.RandomTest@694e1548]" name="beforeTest" is-config="true" duration-ms="0" started-at="2020-04-10T18:16:31 EDT" finished-at="2020-04-10T18:16:31 EDT">
          <reporter-output>
          </reporter-output>
        </test-method> <!-- beforeTest -->
        <test-method status="PASS" signature="beforeClass()[pri:0, instance:automationFramework.RandomTest@694e1548]" name="beforeClass" is-config="true" duration-ms="0" started-at="2020-04-10T18:16:50 EDT" finished-at="2020-04-10T18:16:50 EDT">
          <reporter-output>
          </reporter-output>
        </test-method> <!-- beforeClass -->
        <test-method status="PASS" signature="test3()[pri:1, instance:automationFramework.RandomTest@694e1548]" name="test3" duration-ms="0" started-at="2020-04-10T18:16:50 EDT" finished-at="2020-04-10T18:16:50 EDT">
          <reporter-output>
          </reporter-output>
        </test-method> <!-- test3 -->
        <test-method status="PASS" signature="beforeMethod()[pri:0, instance:automationFramework.RandomTest@694e1548]" name="beforeMethod" is-config="true" duration-ms="0" started-at="2020-04-10T18:16:50 EDT" finished-at="2020-04-10T18:16:50 EDT">
          <reporter-output>
          </reporter-output>
        </test-method> <!-- beforeMethod -->
        <test-method status="PASS" signature="afterMethod()[pri:0, instance:automationFramework.RandomTest@694e1548]" name="afterMethod" is-config="true" duration-ms="0" started-at="2020-04-10T18:16:50 EDT" finished-at="2020-04-10T18:16:50 EDT">
          <reporter-output>
          </reporter-output>
        </test-method> <!-- afterMethod -->
        <test-method status="PASS" signature="beforeMethod()[pri:0, instance:automationFramework.RandomTest@694e1548]" name="beforeMethod" is-config="true" duration-ms="0" started-at="2020-04-10T18:16:50 EDT" finished-at="2020-04-10T18:16:50 EDT">
          <reporter-output>
          </reporter-output>
        </test-method> <!-- beforeMethod -->
        <test-method status="PASS" signature="test4()[pri:1, instance:automationFramework.RandomTest@694e1548]" name="test4" duration-ms="1" started-at="2020-04-10T18:16:50 EDT" finished-at="2020-04-10T18:16:50 EDT">
          <reporter-output>
          </reporter-output>
        </test-method> <!-- test4 -->
        <test-method status="PASS" signature="afterMethod()[pri:0, instance:automationFramework.RandomTest@694e1548]" name="afterMethod" is-config="true" duration-ms="1" started-at="2020-04-10T18:16:50 EDT" finished-at="2020-04-10T18:16:50 EDT">
          <reporter-output>
          </reporter-output>
        </test-method> <!-- afterMethod -->
        <test-method status="PASS" signature="test1()[pri:2, instance:automationFramework.RandomTest@694e1548]" name="test1" duration-ms="1" started-at="2020-04-10T18:16:50 EDT" finished-at="2020-04-10T18:16:50 EDT">
          <reporter-output>
          </reporter-output>
        </test-method> <!-- test1 -->
        <test-method status="PASS" signature="beforeMethod()[pri:0, instance:automationFramework.RandomTest@694e1548]" name="beforeMethod" is-config="true" duration-ms="0" started-at="2020-04-10T18:16:50 EDT" finished-at="2020-04-10T18:16:50 EDT">
          <reporter-output>
          </reporter-output>
        </test-method> <!-- beforeMethod -->
        <test-method status="PASS" signature="afterMethod()[pri:0, instance:automationFramework.RandomTest@694e1548]" name="afterMethod" is-config="true" duration-ms="0" started-at="2020-04-10T18:16:50 EDT" finished-at="2020-04-10T18:16:50 EDT">
          <reporter-output>
          </reporter-output>
        </test-method> <!-- afterMethod -->
        <test-method status="PASS" signature="beforeMethod()[pri:0, instance:automationFramework.RandomTest@694e1548]" name="beforeMethod" is-config="true" duration-ms="0" started-at="2020-04-10T18:17:12 EDT" finished-at="2020-04-10T18:17:12 EDT">
          <reporter-output>
          </reporter-output>
        </test-method> <!-- beforeMethod -->
        <test-method status="PASS" signature="test5()[pri:3, instance:automationFramework.RandomTest@694e1548]" name="test5" duration-ms="1" started-at="2020-04-10T18:17:12 EDT" finished-at="2020-04-10T18:17:12 EDT">
          <reporter-output>
          </reporter-output>
        </test-method> <!-- test5 -->
        <test-method status="PASS" signature="afterMethod()[pri:0, instance:automationFramework.RandomTest@694e1548]" name="afterMethod" is-config="true" duration-ms="1" started-at="2020-04-10T18:17:12 EDT" finished-at="2020-04-10T18:17:12 EDT">
          <reporter-output>
          </reporter-output>
        </test-method> <!-- afterMethod -->
        <test-method status="PASS" signature="afterClass()[pri:0, instance:automationFramework.RandomTest@694e1548]" name="afterClass" is-config="true" duration-ms="0" started-at="2020-04-10T18:17:12 EDT" finished-at="2020-04-10T18:17:12 EDT">
          <reporter-output>
          </reporter-output>
        </test-method> <!-- afterClass -->
        <test-method status="PASS" signature="afterTest()[pri:0, instance:automationFramework.RandomTest@694e1548]" name="afterTest" is-config="true" duration-ms="0" started-at="2020-04-10T18:17:17 EDT" finished-at="2020-04-10T18:17:17 EDT">
          <reporter-output>
          </reporter-output>
        </test-method> <!-- afterTest -->
      </class> <!-- automationFramework.RandomTest -->
      <class name="automationFramework.NewTest">
        <test-method status="PASS" signature="beforeTest()[pri:0, instance:automationFramework.NewTest@1c3a4799]" name="beforeTest" is-config="true" duration-ms="10748" started-at="2020-04-10T18:16:20 EDT" finished-at="2020-04-10T18:16:31 EDT">
          <reporter-output>
          </reporter-output>
        </test-method> <!-- beforeTest -->
        <test-method status="PASS" signature="beforeClass()[pri:0, instance:automationFramework.NewTest@1c3a4799]" name="beforeClass" is-config="true" duration-ms="0" started-at="2020-04-10T18:16:31 EDT" finished-at="2020-04-10T18:16:31 EDT">
          <reporter-output>
          </reporter-output>
        </test-method> <!-- beforeClass -->
        <test-method status="PASS" signature="beforeMethod()[pri:0, instance:automationFramework.NewTest@1c3a4799]" name="beforeMethod" is-config="true" duration-ms="1" started-at="2020-04-10T18:16:31 EDT" finished-at="2020-04-10T18:16:31 EDT">
          <reporter-output>
          </reporter-output>
        </test-method> <!-- beforeMethod -->
        <test-method status="PASS" signature="test1()[pri:1, instance:automationFramework.NewTest@1c3a4799]" name="test1" duration-ms="19206" started-at="2020-04-10T18:16:31 EDT" finished-at="2020-04-10T18:16:50 EDT">
          <reporter-output>
          </reporter-output>
        </test-method> <!-- test1 -->
        <test-method status="PASS" signature="afterMethod()[pri:0, instance:automationFramework.NewTest@1c3a4799]" name="afterMethod" is-config="true" duration-ms="0" started-at="2020-04-10T18:16:50 EDT" finished-at="2020-04-10T18:16:50 EDT">
          <reporter-output>
          </reporter-output>
        </test-method> <!-- afterMethod -->
        <test-method status="PASS" signature="beforeMethod()[pri:0, instance:automationFramework.NewTest@1c3a4799]" name="beforeMethod" is-config="true" duration-ms="0" started-at="2020-04-10T18:16:50 EDT" finished-at="2020-04-10T18:16:50 EDT">
          <reporter-output>
          </reporter-output>
        </test-method> <!-- beforeMethod -->
        <test-method status="PASS" signature="test2()[pri:2, instance:automationFramework.NewTest@1c3a4799]" name="test2" duration-ms="11367" started-at="2020-04-10T18:16:50 EDT" finished-at="2020-04-10T18:17:01 EDT">
          <reporter-output>
          </reporter-output>
        </test-method> <!-- test2 -->
        <test-method status="PASS" signature="afterMethod()[pri:0, instance:automationFramework.NewTest@1c3a4799]" name="afterMethod" is-config="true" duration-ms="0" started-at="2020-04-10T18:17:01 EDT" finished-at="2020-04-10T18:17:01 EDT">
          <reporter-output>
          </reporter-output>
        </test-method> <!-- afterMethod -->
        <test-method status="PASS" signature="test3()[pri:3, instance:automationFramework.NewTest@1c3a4799]" name="test3" duration-ms="10374" started-at="2020-04-10T18:17:01 EDT" finished-at="2020-04-10T18:17:12 EDT">
          <reporter-output>
          </reporter-output>
        </test-method> <!-- test3 -->
        <test-method status="PASS" signature="beforeMethod()[pri:0, instance:automationFramework.NewTest@1c3a4799]" name="beforeMethod" is-config="true" duration-ms="0" started-at="2020-04-10T18:17:01 EDT" finished-at="2020-04-10T18:17:01 EDT">
          <reporter-output>
          </reporter-output>
        </test-method> <!-- beforeMethod -->
        <test-method status="PASS" signature="afterMethod()[pri:0, instance:automationFramework.NewTest@1c3a4799]" name="afterMethod" is-config="true" duration-ms="0" started-at="2020-04-10T18:17:12 EDT" finished-at="2020-04-10T18:17:12 EDT">
          <reporter-output>
          </reporter-output>
        </test-method> <!-- afterMethod -->
        <test-method status="PASS" signature="beforeMethod()[pri:0, instance:automationFramework.NewTest@1c3a4799]" name="beforeMethod" is-config="true" duration-ms="1" started-at="2020-04-10T18:17:12 EDT" finished-at="2020-04-10T18:17:12 EDT">
          <reporter-output>
          </reporter-output>
        </test-method> <!-- beforeMethod -->
        <test-method status="PASS" signature="test4()[pri:4, instance:automationFramework.NewTest@1c3a4799]" name="test4" duration-ms="5597" started-at="2020-04-10T18:17:12 EDT" finished-at="2020-04-10T18:17:17 EDT">
          <reporter-output>
          </reporter-output>
        </test-method> <!-- test4 -->
        <test-method status="PASS" signature="afterMethod()[pri:0, instance:automationFramework.NewTest@1c3a4799]" name="afterMethod" is-config="true" duration-ms="1" started-at="2020-04-10T18:17:17 EDT" finished-at="2020-04-10T18:17:17 EDT">
          <reporter-output>
          </reporter-output>
        </test-method> <!-- afterMethod -->
        <test-method status="FAIL" signature="test5()[pri:5, instance:automationFramework.NewTest@1c3a4799]" name="test5" duration-ms="63" started-at="2020-04-10T18:17:17 EDT" finished-at="2020-04-10T18:17:17 EDT">
          <exception class="org.openqa.selenium.ElementNotInteractableException">
            <message>
              <![CDATA[element not interactable
  (Session info: chrome=80.0.3987.163)
Build info: version: '3.141.59', revision: 'e82be7d358', time: '2018-11-14T08:17:03'
System info: host: 'Deepaks-MacBook-Pro.local', ip: 'fe80:0:0:0:c5f:19f1:1e96:6a5c%en0', os.name: 'Mac OS X', os.arch: 'x86_64', os.version: '10.15.3', java.version: '1.8.0_222'
Driver info: org.openqa.selenium.chrome.ChromeDriver
Capabilities {acceptInsecureCerts: false, browserName: chrome, browserVersion: 80.0.3987.163, chrome: {chromedriverVersion: 80.0.3987.106 (f68069574609..., userDataDir: /var/folders/gm/kglj3w3s1z5...}, goog:chromeOptions: {debuggerAddress: localhost:63448}, javascriptEnabled: true, networkConnectionEnabled: false, pageLoadStrategy: normal, platform: MAC, platformName: MAC, proxy: Proxy(), setWindowRect: true, strictFileInteractability: false, timeouts: {implicit: 0, pageLoad: 300000, script: 30000}, unhandledPromptBehavior: dismiss and notify}
Session ID: 4f674d3b2fa8726fd90b9ddb2b2d2ce0]]>
            </message>
            <full-stacktrace>
              <![CDATA[org.openqa.selenium.ElementNotInteractableException: element not interactable
  (Session info: chrome=80.0.3987.163)
Build info: version: '3.141.59', revision: 'e82be7d358', time: '2018-11-14T08:17:03'
System info: host: 'Deepaks-MacBook-Pro.local', ip: 'fe80:0:0:0:c5f:19f1:1e96:6a5c%en0', os.name: 'Mac OS X', os.arch: 'x86_64', os.version: '10.15.3', java.version: '1.8.0_222'
Driver info: org.openqa.selenium.chrome.ChromeDriver
Capabilities {acceptInsecureCerts: false, browserName: chrome, browserVersion: 80.0.3987.163, chrome: {chromedriverVersion: 80.0.3987.106 (f68069574609..., userDataDir: /var/folders/gm/kglj3w3s1z5...}, goog:chromeOptions: {debuggerAddress: localhost:63448}, javascriptEnabled: true, networkConnectionEnabled: false, pageLoadStrategy: normal, platform: MAC, platformName: MAC, proxy: Proxy(), setWindowRect: true, strictFileInteractability: false, timeouts: {implicit: 0, pageLoad: 300000, script: 30000}, unhandledPromptBehavior: dismiss and notify}
Session ID: 4f674d3b2fa8726fd90b9ddb2b2d2ce0
at sun.reflect.NativeConstructorAccessorImpl.newInstance0(Native Method)
at sun.reflect.NativeConstructorAccessorImpl.newInstance(NativeConstructorAccessorImpl.java:62)
at sun.reflect.DelegatingConstructorAccessorImpl.newInstance(DelegatingConstructorAccessorImpl.java:45)
at java.lang.reflect.Constructor.newInstance(Constructor.java:423)
at org.openqa.selenium.remote.http.W3CHttpResponseCodec.createException(W3CHttpResponseCodec.java:187)
at org.openqa.selenium.remote.http.W3CHttpResponseCodec.decode(W3CHttpResponseCodec.java:122)
at org.openqa.selenium.remote.http.W3CHttpResponseCodec.decode(W3CHttpResponseCodec.java:49)
at org.openqa.selenium.remote.HttpCommandExecutor.execute(HttpCommandExecutor.java:158)
at org.openqa.selenium.remote.service.DriverCommandExecutor.execute(DriverCommandExecutor.java:83)
at org.openqa.selenium.remote.RemoteWebDriver.execute(RemoteWebDriver.java:552)
at org.openqa.selenium.remote.RemoteWebElement.execute(RemoteWebElement.java:285)
at org.openqa.selenium.remote.RemoteWebElement.sendKeys(RemoteWebElement.java:106)
at pages.Signature.enterVerificationCode(Signature.java:35)
at automationFramework.NewTest.test5(NewTest.java:112)
at sun.reflect.NativeMethodAccessorImpl.invoke0(Native Method)
at sun.reflect.NativeMethodAccessorImpl.invoke(NativeMethodAccessorImpl.java:62)
at sun.reflect.DelegatingMethodAccessorImpl.invoke(DelegatingMethodAccessorImpl.java:43)
at java.lang.reflect.Method.invoke(Method.java:498)
at org.testng.internal.MethodInvocationHelper.invokeMethod(MethodInvocationHelper.java:134)
at org.testng.internal.TestInvoker.invokeMethod(TestInvoker.java:597)
at org.testng.internal.TestInvoker.invokeTestMethod(TestInvoker.java:173)
at org.testng.internal.MethodRunner.runInSequence(MethodRunner.java:46)
at org.testng.internal.TestInvoker$MethodInvocationAgent.invoke(TestInvoker.java:816)
at org.testng.internal.TestInvoker.invokeTestMethods(TestInvoker.java:146)
at org.testng.internal.TestMethodWorker.invokeTestMethods(TestMethodWorker.java:146)
at org.testng.internal.TestMethodWorker.run(TestMethodWorker.java:128)
at java.util.ArrayList.forEach(ArrayList.java:1257)
at org.testng.TestRunner.privateRun(TestRunner.java:766)
at org.testng.TestRunner.run(TestRunner.java:587)
at org.testng.SuiteRunner.runTest(SuiteRunner.java:384)
at org.testng.SuiteRunner.access$000(SuiteRunner.java:28)
at org.testng.SuiteRunner$SuiteWorker.run(SuiteRunner.java:425)
at org.testng.internal.thread.ThreadUtil.lambda$execute$0(ThreadUtil.java:68)
at java.util.concurrent.FutureTask.run(FutureTask.java:266)
at java.util.concurrent.ThreadPoolExecutor.runWorker(ThreadPoolExecutor.java:1149)
at java.util.concurrent.ThreadPoolExecutor$Worker.run(ThreadPoolExecutor.java:624)
at java.lang.Thread.run(Thread.java:748)
]]>
            </full-stacktrace>
          </exception> <!-- org.openqa.selenium.ElementNotInteractableException -->
          <reporter-output>
          </reporter-output>
        </test-method> <!-- test5 -->
        <test-method status="PASS" signature="beforeMethod()[pri:0, instance:automationFramework.NewTest@1c3a4799]" name="beforeMethod" is-config="true" duration-ms="0" started-at="2020-04-10T18:17:17 EDT" finished-at="2020-04-10T18:17:17 EDT">
          <reporter-output>
          </reporter-output>
        </test-method> <!-- beforeMethod -->
        <test-method status="PASS" signature="afterMethod()[pri:0, instance:automationFramework.NewTest@1c3a4799]" name="afterMethod" is-config="true" duration-ms="0" started-at="2020-04-10T18:17:17 EDT" finished-at="2020-04-10T18:17:17 EDT">
          <reporter-output>
          </reporter-output>
        </test-method> <!-- afterMethod -->
        <test-method status="PASS" signature="afterTest()[pri:0, instance:automationFramework.NewTest@1c3a4799]" name="afterTest" is-config="true" duration-ms="0" started-at="2020-04-10T18:17:17 EDT" finished-at="2020-04-10T18:17:17 EDT">
          <reporter-output>
          </reporter-output>
        </test-method> <!-- afterTest -->
        <test-method status="PASS" signature="afterClass()[pri:0, instance:automationFramework.NewTest@1c3a4799]" name="afterClass" is-config="true" duration-ms="0" started-at="2020-04-10T18:17:17 EDT" finished-at="2020-04-10T18:17:17 EDT">
          <reporter-output>
          </reporter-output>
        </test-method> <!-- afterClass -->
      </class> <!-- automationFramework.NewTest -->
    </test> <!-- Test -->
  </suite> <!-- Suite -->
</testng-results>
